<?xml version="1.0" encoding="UTF-8"?><testsuite errors="0" failures="0" name="Create new account" skipped="0" tests="9" time="150.22" timestamp="2017-06-172 08:06:40"><testcase name="(developer-acct.ticketmaster.com/user/register) Verification for general page's elements"/><testcase name="(developer-acct.ticketmaster.com/user/register) [2.2.3.14 Create New Account - fail the CAPTCHA check]"/><testcase name="(developer-acct.ticketmaster.com/user/register) [2.2.3.31 Edit Profile - I Agree To The Terms &amp; Conditions checkbox]"/><testcase name="(developer-acct.ticketmaster.com/user/register) [Create New Account - First Name validation]"/><testcase name="(developer-acct.ticketmaster.com/user/register) [Create New Account - Company Name validation]"/><testcase name="(developer-acct.ticketmaster.com/user/register) [Create New Account - Company Name validation]"/><testcase name="(developer-acct.ticketmaster.com/user/register) [Create New Account - Company Site URL validation]"/><testcase name="(developer-acct.ticketmaster.com/user/register) [Create New Account - Username validation]"/><testcase name="(developer-acct.ticketmaster.com/user/register) [Create New Account - Email validation]"/></testsuite>