<?xml version="1.0" encoding="UTF-8"?><testsuite errors="0" failures="0" name="Countdown widget" skipped="0" tests="17" time="93.82" timestamp="2017-06-172 08:33:39"><testcase name="(/products-and-docs/widgets/countdown/) [3.3.1 Countdown widget layout]"/><testcase name="(/products-and-docs/widgets/countdown/) [3.3.2 Countdown widget "/><testcase name="(/products-and-docs/widgets/countdown/) TECHNICAL TAB - Verification of default embed code"/><testcase name="(/products-and-docs/widgets/countdown/) TECHNICAL TAB - Check that embed code functionality works properly"/><testcase name="(/products-and-docs/widgets/countdown/) TECHNICAL TAB - Check RESET button functionality"/><testcase name="(/products-and-docs/widgets/countdown/) TECHNICAL TAB - Check RESET button functionality on Embedded Code Pop-up window"/><testcase name="(/products-and-docs/widgets/countdown/) TECHNICAL TAB - Get new EventId"/><testcase name="(/products-and-docs/widgets/countdown/) TECHNICAL TAB - Check links"/><testcase name="(/products-and-docs/widgets/countdown/) VISUAL TAB - Check Full-width mode"/><testcase name="(/products-and-docs/widgets/countdown/) [3.3.4 Countdown widget "/><testcase name="(/products-and-docs/widgets/countdown/) VISUAL TAB - Check Layout Orientations"/><testcase name="(/products-and-docs/widgets/countdown/) Event message - Check event message for invalid API Key"/><testcase name="(/products-and-docs/widgets/countdown/) Event message - Check event message for invalid Event ID"/></testsuite>