<?xml version="1.0" encoding="UTF-8"?><testsuite errors="0" failures="0" name="Event discovery widget" skipped="0" tests="21" time="206.06" timestamp="2017-06-172 08:35:13"><testcase name="(/products-and-docs/widgets/event-discovery/) TECHNICAL TAB - Check that required fields are not empty and have default values"/><testcase name="(/products-and-docs/widgets/event-discovery/) TECHNICAL TAB - Check that embed code functionality works properly"/><testcase name="(/products-and-docs/widgets/event-discovery/) TECHNICAL TAB - Check that KEYWORD field functionality works properly"/><testcase name="(/products-and-docs/widgets/event-discovery/) TECHNICAL TAB - Check that EVENT COUNT works properly"/><testcase name="(/products-and-docs/widgets/event-discovery/) TECHNICAL TAB - Check boundary values of EVENT COUNT"/><testcase name="(/products-and-docs/widgets/event-discovery/) TECHNICAL TAB - Check boundary values of RADIUS"/><testcase name="(/products-and-docs/widgets/event-discovery/) TECHNICAL TAB - Check that RESET button works properly"/><testcase name="(/products-and-docs/widgets/event-discovery/) TECHNICAL TAB - Check links"/><testcase name="(/products-and-docs/widgets/event-discovery/) VISUAL TAB - Check Layout Resolutions"/><testcase name="(/products-and-docs/widgets/event-discovery/) VISUAL TAB - Check Layout Orientations"/><testcase name="(/products-and-docs/widgets/event-discovery/) Event message - Check event message for invalid Keyword"/></testsuite>