<?xml version="1.0" encoding="UTF-8"?><testsuite errors="0" failures="0" name="Calendar widget" skipped="0" tests="6" time="40.46" timestamp="2017-06-172 08:32:58"><testcase name="(/products-and-docs/widgets/calendar/) TECHNICAL TAB - Check that required fields are not empty"/><testcase name="(/products-and-docs/widgets/calendar/) TECHNICAL TAB - Check that embed code functionality works properly"/><testcase name="(/products-and-docs/widgets/calendar/) TECHNICAL TAB - Check RESET button functionality"/><testcase name="(/products-and-docs/widgets/calendar/) Check RESET button functionality on Embedded Code Pop-up window"/><testcase name="(/products-and-docs/widgets/calendar/) TECHNICAL TAB - Check links"/><testcase name="(/products-and-docs/widgets/calendar/) Event message - Check event message for invalid API Key"/></testsuite>